<?xml version="1.0" encoding="UTF-8"?>
<testsuite name="com.mycompany.pprog_tp3.Model.EmpresaTest" time="0.021" tests="11" errors="2" skipped="0" failures="3">
  <properties>
    <property name="java.runtime.name" value="Java(TM) SE Runtime Environment"/>
    <property name="sun.boot.library.path" value="/opt/jdk8/jre/lib/amd64"/>
    <property name="java.vm.version" value="25.181-b13"/>
    <property name="user.country.format" value="PT"/>
    <property name="java.vm.vendor" value="Oracle Corporation"/>
    <property name="java.vendor.url" value="http://java.oracle.com/"/>
    <property name="path.separator" value=":"/>
    <property name="guice.disable.misplaced.annotation.check" value="true"/>
    <property name="java.vm.name" value="Java HotSpot(TM) 64-Bit Server VM"/>
    <property name="file.encoding.pkg" value="sun.io"/>
    <property name="user.country" value="US"/>
    <property name="sun.java.launcher" value="SUN_STANDARD"/>
    <property name="sun.os.patch.level" value="unknown"/>
    <property name="java.vm.specification.name" value="Java Virtual Machine Specification"/>
    <property name="user.dir" value="/home/bruno/Documents/Isep/2ยบ Semestre/PProg/NetBeans/pprog_1dn_1140396_1181592_tp3"/>
    <property name="java.runtime.version" value="1.8.0_181-b13"/>
    <property name="java.awt.graphicsenv" value="sun.awt.X11GraphicsEnvironment"/>
    <property name="java.endorsed.dirs" value="/opt/jdk8/jre/lib/endorsed"/>
    <property name="os.arch" value="amd64"/>
    <property name="java.io.tmpdir" value="/tmp"/>
    <property name="line.separator" value="&#10;"/>
    <property name="java.vm.specification.vendor" value="Oracle Corporation"/>
    <property name="os.name" value="Linux"/>
    <property name="maven.ext.class.path" value="/usr/local/netbeans-8.2/java/maven-nblib/netbeans-eventspy.jar"/>
    <property name="classworlds.conf" value="/usr/local/netbeans-8.2/java/maven/bin/m2.conf"/>
    <property name="sun.jnu.encoding" value="UTF-8"/>
    <property name="java.library.path" value="/opt/jdk8/jre/lib/amd64:/opt/jdk8/jre/lib/i386::/usr/java/packages/lib/amd64:/usr/lib64:/lib64:/lib:/usr/lib"/>
    <property name="java.specification.name" value="Java Platform API Specification"/>
    <property name="java.class.version" value="52.0"/>
    <property name="sun.management.compiler" value="HotSpot 64-Bit Tiered Compilers"/>
    <property name="os.version" value="4.15.0-50-generic"/>
    <property name="user.home" value="/home/bruno"/>
    <property name="user.timezone" value="Europe/Lisbon"/>
    <property name="java.awt.printerjob" value="sun.print.PSPrinterJob"/>
    <property name="java.specification.version" value="1.8"/>
    <property name="file.encoding" value="UTF-8"/>
    <property name="user.name" value="bruno"/>
    <property name="java.class.path" value="/usr/local/netbeans-8.2/java/maven/boot/plexus-classworlds-2.4.jar"/>
    <property name="java.vm.specification.version" value="1.8"/>
    <property name="sun.arch.data.model" value="64"/>
    <property name="java.home" value="/opt/jdk8/jre"/>
    <property name="sun.java.command" value="org.codehaus.plexus.classworlds.launcher.Launcher -Dmaven.ext.class.path=/usr/local/netbeans-8.2/java/maven-nblib/netbeans-eventspy.jar clean install"/>
    <property name="java.specification.vendor" value="Oracle Corporation"/>
    <property name="user.language" value="en"/>
    <property name="user.language.format" value="pt"/>
    <property name="awt.toolkit" value="sun.awt.X11.XToolkit"/>
    <property name="java.vm.info" value="mixed mode"/>
    <property name="java.version" value="1.8.0_181"/>
    <property name="java.ext.dirs" value="/opt/jdk8/jre/lib/ext:/usr/java/packages/lib/ext"/>
    <property name="securerandom.source" value="file:/dev/./urandom"/>
    <property name="sun.boot.class.path" value="/opt/jdk8/jre/lib/resources.jar:/opt/jdk8/jre/lib/rt.jar:/opt/jdk8/jre/lib/sunrsasign.jar:/opt/jdk8/jre/lib/jsse.jar:/opt/jdk8/jre/lib/jce.jar:/opt/jdk8/jre/lib/charsets.jar:/opt/jdk8/jre/lib/jfr.jar:/opt/jdk8/jre/classes"/>
    <property name="java.vendor" value="Oracle Corporation"/>
    <property name="maven.home" value="/usr/local/netbeans-8.2/java/maven"/>
    <property name="file.separator" value="/"/>
    <property name="java.vendor.url.bug" value="http://bugreport.sun.com/bugreport/"/>
    <property name="sun.cpu.endian" value="little"/>
    <property name="sun.io.unicode.encoding" value="UnicodeLittle"/>
    <property name="sun.desktop" value="gnome"/>
    <property name="sun.cpu.isalist" value=""/>
  </properties>
  <testcase name="testGetLstClientes" classname="com.mycompany.pprog_tp3.Model.EmpresaTest" time="0.001">
    <failure message="expected:&lt;null&gt; but was:&lt;[]&gt;" type="java.lang.AssertionError"><![CDATA[java.lang.AssertionError: expected:<null> but was:<[]>
	at org.junit.Assert.fail(Assert.java:88)
	at org.junit.Assert.failNotEquals(Assert.java:743)
	at org.junit.Assert.assertEquals(Assert.java:118)
	at org.junit.Assert.assertEquals(Assert.java:144)
	at com.mycompany.pprog_tp3.Model.EmpresaTest.testGetLstClientes(EmpresaTest.java:121)
]]></failure>
    <system-out><![CDATA[getLstClientes
]]></system-out>
  </testcase>
  <testcase name="testSetDesignacao" classname="com.mycompany.pprog_tp3.Model.EmpresaTest" time="0.003"/>
  <testcase name="testToString" classname="com.mycompany.pprog_tp3.Model.EmpresaTest" time="0.001"/>
  <testcase name="testSetLstClientes" classname="com.mycompany.pprog_tp3.Model.EmpresaTest" time="0.001">
    <failure message="The test case is a prototype." type="java.lang.AssertionError">java.lang.AssertionError: The test case is a prototype.
	at org.junit.Assert.fail(Assert.java:88)
	at com.mycompany.pprog_tp3.Model.EmpresaTest.testSetLstClientes(EmpresaTest.java:135)
</failure>
    <system-out><![CDATA[setLstClientes
]]></system-out>
  </testcase>
  <testcase name="testSetLstPrestadoresServico" classname="com.mycompany.pprog_tp3.Model.EmpresaTest" time="0.001">
    <failure message="The test case is a prototype." type="java.lang.AssertionError">java.lang.AssertionError: The test case is a prototype.
	at org.junit.Assert.fail(Assert.java:88)
	at com.mycompany.pprog_tp3.Model.EmpresaTest.testSetLstPrestadoresServico(EmpresaTest.java:110)
</failure>
    <system-out><![CDATA[setLstPrestadoresServico
]]></system-out>
  </testcase>
  <testcase name="testAddPrestadorServico" classname="com.mycompany.pprog_tp3.Model.EmpresaTest" time="0.003">
    <error type="java.lang.NullPointerException:">java.lang.NullPointerException: null
	at com.mycompany.pprog_tp3.Model.Empresa.addPrestadorServico(Empresa.java:171)
	at com.mycompany.pprog_tp3.Model.EmpresaTest.testAddPrestadorServico(EmpresaTest.java:156)
</error>
    <system-out><![CDATA[addPrestadorServico
]]></system-out>
  </testcase>
  <testcase name="testGetNif" classname="com.mycompany.pprog_tp3.Model.EmpresaTest" time="0.001"/>
  <testcase name="testGetLstPrestadoresServico" classname="com.mycompany.pprog_tp3.Model.EmpresaTest" time="0"/>
  <testcase name="testGetDesignacao" classname="com.mycompany.pprog_tp3.Model.EmpresaTest" time="0.002"/>
  <testcase name="testSetNif" classname="com.mycompany.pprog_tp3.Model.EmpresaTest" time="0.005"/>
  <testcase name="testAddCliente" classname="com.mycompany.pprog_tp3.Model.EmpresaTest" time="0.003">
    <error type="java.lang.NullPointerException:">java.lang.NullPointerException: null
	at com.mycompany.pprog_tp3.Model.Empresa.addCliente(Empresa.java:182)
	at com.mycompany.pprog_tp3.Model.EmpresaTest.testAddCliente(EmpresaTest.java:167)
</error>
    <system-out><![CDATA[addCliente
]]></system-out>
  </testcase>
</testsuite>